Arguments: 
  /usr/local/bin/node /usr/local/bin/yarn add @types/node-webcam/

PATH: 
  /usr/local/bin:/usr/bin:/bin:/usr/sbin:/sbin:/usr/local/go/bin

Yarn version: 
  1.22.11

Node version: 
  14.17.6

Platform: 
  darwin x64

Trace: 
  Error: https://registry.yarnpkg.com/@types%2fnode-webcam/: Not found
      at Request.params.callback [as _callback] (/usr/local/lib/node_modules/yarn/lib/cli.js:66992:18)
      at Request.self.callback (/usr/local/lib/node_modules/yarn/lib/cli.js:140763:22)
      at Request.emit (events.js:400:28)
      at Request.<anonymous> (/usr/local/lib/node_modules/yarn/lib/cli.js:141735:10)
      at Request.emit (events.js:400:28)
      at IncomingMessage.<anonymous> (/usr/local/lib/node_modules/yarn/lib/cli.js:141657:12)
      at Object.onceWrapper (events.js:519:28)
      at IncomingMessage.emit (events.js:412:35)
      at endReadableNT (internal/streams/readable.js:1317:12)
      at processTicksAndRejections (internal/process/task_queues.js:82:21)

npm manifest: 
  {
    "dependencies": {
      "http": "^0.0.1-security",
      "node-webcam": "^0.8.0"
    }
  }

yarn manifest: 
  No manifest

Lockfile: 
  # THIS IS AN AUTOGENERATED FILE. DO NOT EDIT THIS FILE DIRECTLY.
  # yarn lockfile v1
  
  
  abbrev@1:
    version "1.1.1"
    resolved "https://registry.yarnpkg.com/abbrev/-/abbrev-1.1.1.tgz#f8f2c887ad10bf67f634f005b6987fed3179aac8"
    integrity sha512-nne9/IiQ/hzIhY6pdDnbBtz7DjPTKrY00P/zvPSm5pOFkl6xuGrGnXn/VtTNNfNtAfZ9/1RtehkszU9qcTii0Q==
  
  http@^0.0.1-security:
    version "0.0.1-security"
    resolved "https://registry.yarnpkg.com/http/-/http-0.0.1-security.tgz#3aac09129d12dc2747bbce4157afde20ad1f7995"
    integrity sha512-RnDvP10Ty9FxqOtPZuxtebw1j4L/WiqNMDtuc1YMH1XQm5TgDRaR1G9u8upL6KD1bXHSp9eSXo/ED+8Q7FAr+g==
  
  node-webcam@^0.8.0:
    version "0.8.0"
    resolved "https://registry.yarnpkg.com/node-webcam/-/node-webcam-0.8.0.tgz#76dd3d1d53d880afdb254d2ec97459cb31a696fe"
    integrity sha512-IyATrQOUL2RCN7z5eQ3Z3/VG3lb4X53nZZ49+tWjoJpQlCH3e+KFStLdHRtIlL/TzHcn2OMSecZrRv9P9YB3DA==
    dependencies:
      nopt "*"
  
  nopt@*:
    version "5.0.0"
    resolved "https://registry.yarnpkg.com/nopt/-/nopt-5.0.0.tgz#530942bb58a512fccafe53fe210f13a25355dc88"
    integrity sha512-Tbj67rffqceeLpcRXrT7vKAN8CwfPeIBgM7E6iBkmKLV7bEMwpGgYLGv0jACUsECaa/vuxP0IjEont6umdMgtQ==
    dependencies:
      abbrev "1"
